\BOOKMARK [0][-]{abst.0}{\376\377\000A\000b\000s\000t\000r\000a\000c\000t}{}% 1
\BOOKMARK [0][-]{toc.0}{\376\377\000C\000o\000n\000t\000e\000n\000t\000s}{}% 2
\BOOKMARK [0][-]{section*.9}{\376\377\000L\000i\000s\000t\000\040\000o\000f\000\040\000T\000a\000b\000l\000e\000s}{}% 3
\BOOKMARK [0][-]{section*.11}{\376\377\000L\000i\000s\000t\000\040\000o\000f\000\040\000F\000i\000g\000u\000r\000e\000s}{}% 4
\BOOKMARK [0][-]{section*.13}{\376\377\000A\000c\000r\000o\000n\000y\000m\000s}{}% 5
\BOOKMARK [0][-]{section*.15}{\376\377\000T\000h\000e\000s\000i\000s\000\040\000P\000r\000o\000p\000o\000s\000a\000l}{}% 6
\BOOKMARK [0][-]{chapter.1}{\376\377\0001\000\040\000I\000n\000t\000r\000o\000d\000u\000c\000t\000i\000o\000n}{}% 7
\BOOKMARK [0][-]{chapter.2}{\376\377\0002\000\040\000T\000i\000t\000l\000e\000\040\000o\000f\000\040\000C\000h\000a\000p\000t\000e\000r\000\040\000T\000w\000o}{}% 8
\BOOKMARK [1][-]{section.2.1}{\376\377\0002\000.\0001\000\040\000F\000o\000r\000m\000a\000l\000\040\000r\000e\000q\000u\000i\000r\000e\000m\000e\000n\000t\000s\000\040\000o\000f\000\040\000m\000a\000s\000t\000e\000r\000'\000s\000\040\000t\000h\000e\000s\000i\000s}{chapter.2}% 9
\BOOKMARK [1][-]{section.2.2}{\376\377\0002\000.\0002\000\040\000T\000e\000m\000p\000l\000a\000t\000e\000\040\000a\000d\000j\000u\000s\000t\000m\000e\000n\000t\000s\000\040\000a\000n\000d\000\040\000m\000e\000t\000a\000-\000d\000a\000t\000a}{chapter.2}% 10
\BOOKMARK [0][-]{chapter.3}{\376\377\0003\000\040\000T\000i\000t\000l\000e\000\040\000o\000f\000\040\000C\000h\000a\000p\000t\000e\000r\000\040\000T\000h\000r\000e\000e}{}% 11
\BOOKMARK [1][-]{section.3.1}{\376\377\0003\000.\0001\000\040\000C\000i\000t\000a\000t\000i\000o\000n\000s}{chapter.3}% 12
\BOOKMARK [1][-]{section.3.2}{\376\377\0003\000.\0002\000\040\000S\000p\000e\000c\000i\000a\000l\000\040\000C\000z\000e\000c\000h\000,\000\040\000S\000l\000o\000v\000a\000k\000,\000\040\000a\000n\000d\000\040\000G\000e\000r\000m\000a\000n\000\040\000l\000e\000t\000t\000e\000r\000s}{chapter.3}% 13
\BOOKMARK [1][-]{section.3.3}{\376\377\0003\000.\0003\000\040\000A\000c\000r\000o\000n\000y\000m\000s}{chapter.3}% 14
\BOOKMARK [1][-]{section.3.4}{\376\377\0003\000.\0004\000\040\000F\000i\000g\000u\000r\000e\000s}{chapter.3}% 15
\BOOKMARK [1][-]{section.3.5}{\376\377\0003\000.\0005\000\040\000T\000a\000b\000l\000e\000s}{chapter.3}% 16
\BOOKMARK [1][-]{section.3.6}{\376\377\0003\000.\0006\000\040\000B\000o\000x\000e\000s}{chapter.3}% 17
\BOOKMARK [1][-]{section.3.7}{\376\377\0003\000.\0007\000\040\000T\000h\000e\000o\000r\000e\000m\000s\000,\000\040\000D\000e\000f\000i\000n\000i\000t\000i\000o\000n\000s\000,\000\040\040\046}{chapter.3}% 18
\BOOKMARK [1][-]{section.3.8}{\376\377\0003\000.\0008\000\040\000E\000q\000u\000a\000t\000i\000o\000n\000s}{chapter.3}% 19
\BOOKMARK [2][-]{subsection.3.8.1}{\376\377\0003\000.\0008\000.\0001\000\040\000N\000o\000n\000u\000m\000b\000e\000r\000e\000d\000\040\000E\000q\000u\000a\000t\000i\000o\000n\000s}{section.3.8}% 20
\BOOKMARK [2][-]{subsection.3.8.2}{\376\377\0003\000.\0008\000.\0002\000\040\000N\000u\000m\000b\000e\000r\000e\000d\000\040\000E\000q\000u\000a\000t\000i\000o\000n\000s}{section.3.8}% 21
\BOOKMARK [2][-]{subsection.3.8.3}{\376\377\0003\000.\0008\000.\0003\000\040\000M\000a\000t\000r\000i\000x\000\040\000E\000q\000u\000a\000t\000i\000o\000n\000s}{section.3.8}% 22
\BOOKMARK [1][-]{section.3.9}{\376\377\0003\000.\0009\000\040\000C\000r\000o\000s\000s\000-\000r\000e\000f\000e\000r\000e\000n\000c\000e\000s}{chapter.3}% 23
\BOOKMARK [1][-]{section.3.10}{\376\377\0003\000.\0001\0000\000\040\000S\000o\000u\000r\000c\000e\000\040\000c\000o\000d\000e\000s}{chapter.3}% 24
\BOOKMARK [1][-]{section.3.11}{\376\377\0003\000.\0001\0001\000\040\000P\000a\000r\000a\000g\000r\000a\000p\000h\000s}{chapter.3}% 25
\BOOKMARK [0][-]{chapter.4}{\376\377\0004\000\040\000T\000i\000t\000l\000e\000\040\000o\000f\000\040\000C\000h\000a\000p\000t\000e\000r\000\040\000F\000o\000u\000r}{}% 26
\BOOKMARK [1][-]{section.4.1}{\376\377\0004\000.\0001\000\040\000I\000t\000e\000m\000i\000z\000a\000t\000i\000o\000n\000\040\000a\000n\000d\000\040\000E\000n\000v\000i\000r\000o\000n\000m\000e\000n\000t\000s}{chapter.4}% 27
\BOOKMARK [0][-]{chapter.5}{\376\377\0005\000\040\000T\000i\000t\000l\000e\000\040\000o\000f\000\040\000C\000h\000a\000p\000t\000e\000r\000\040\000F\000i\000v\000e}{}% 28
\BOOKMARK [1][-]{section.5.1}{\376\377\0005\000.\0001\000\040\000F\000r\000e\000q\000u\000e\000n\000t\000l\000y\000\040\000m\000a\000d\000e\000\040\000m\000i\000s\000t\000a\000k\000e\000s}{chapter.5}% 29
\BOOKMARK [0][-]{chapter.6}{\376\377\0006\000\040\000T\000i\000t\000l\000e\000\040\000o\000f\000\040\000C\000h\000a\000p\000t\000e\000r\000\040\000S\000i\000x}{}% 30
\BOOKMARK [1][-]{section.6.1}{\376\377\0006\000.\0001\000\040\000U\000s\000e\000f\000u\000l\000\040\000H\000i\000n\000t\000s}{chapter.6}% 31
\BOOKMARK [0][-]{chapter.7}{\376\377\0007\000\040\000C\000o\000n\000c\000l\000u\000s\000i\000o\000n}{}% 32
\BOOKMARK [0][-]{chapter*.33}{\376\377\000B\000i\000b\000l\000i\000o\000g\000r\000a\000p\000h\000y}{}% 33
\BOOKMARK [0][-]{appendix.A}{\376\377\000A\000\040\000T\000i\000t\000l\000e\000\040\000o\000f\000\040\000A\000p\000p\000e\000n\000d\000i\000x\000\040\000A}{}% 34
\BOOKMARK [0][-]{appendix.B}{\376\377\000B\000\040\000P\000r\000o\000j\000e\000c\000t\000'\000s\000\040\000w\000e\000b\000s\000i\000t\000e}{}% 35
